<?xml version="1.0" encoding="UTF-8"?>
<!-- Generated by org.testng.reporters.JUnitReportReporter -->
<testsuite hostname="piotro87" name="service.statistic.StatisticTest" tests="10" failures="0" timestamp="9 Dec 2012 11:56:07 GMT" time="0.053" errors="0">
  <testcase name="shouldCreateEmptyFinanceMonthReport" time="0.004" classname="service.statistic.StatisticTest"/>
  <testcase name="shouldCreateEmptyHotelReport" time="0.004" classname="service.statistic.StatisticTest"/>
  <testcase name="shouldCreateEmptyFinanceMonthReport" time="0.003" classname="service.statistic.StatisticTest"/>
  <testcase name="shouldCreateEmptyFinanceYearReport" time="0.004" classname="service.statistic.StatisticTest"/>
  <testcase name="shouldCreateEmptyFinanceYearReport" time="0.003" classname="service.statistic.StatisticTest"/>
  <testcase name="shouldCreateEmptyHotelReport" time="0.006" classname="service.statistic.StatisticTest"/>
  <testcase name="shouldCreateEmptyFinanceYearReport" time="0.005" classname="service.statistic.StatisticTest"/>
  <testcase name="shouldCreateEmptyFinanceMonthReport" time="0.014" classname="service.statistic.StatisticTest"/>
  <testcase name="shouldCreateEmptyHotelReport" time="0.005" classname="service.statistic.StatisticTest"/>
  <testcase name="shouldCreateEmptyHotelReport" time="0.005" classname="service.statistic.StatisticTest"/>
</testsuite> <!-- service.statistic.StatisticTest -->
