<?xml version="1.0" encoding="UTF-8"?>
<!-- Generated by org.testng.reporters.JUnitReportReporter -->
<testsuite hostname="piotro87" name="service.statistic.StatisticMockitoTest" tests="16" failures="0" timestamp="9 Dec 2012 11:56:07 GMT" time="0.177" errors="0">
  <testcase name="shouldCreateEmptyFinanceMonthReportWithCorrectTitle" time="0.002" classname="service.statistic.StatisticMockitoTest"/>
  <testcase name="shouldCreateRoomsInTypeReport" time="0.016" classname="service.statistic.StatisticMockitoTest"/>
  <testcase name="shouldCreateServiceReport" time="0.012" classname="service.statistic.StatisticMockitoTest"/>
  <testcase name="shouldCreateEmptyFinanceMonthReportWithCorrectTitle" time="0.029" classname="service.statistic.StatisticMockitoTest"/>
  <testcase name="shouldCreateServiceTypesReport" time="0.015" classname="service.statistic.StatisticMockitoTest"/>
  <testcase name="shouldCreateEmptyRoomTypesReport" time="0.002" classname="service.statistic.StatisticMockitoTest"/>
  <testcase name="shouldCreateFinanceYearReportWithCorrectTitle" time="0.015" classname="service.statistic.StatisticMockitoTest"/>
  <testcase name="shouldCreateRoomTypesReport" time="0.015" classname="service.statistic.StatisticMockitoTest"/>
  <testcase name="shouldCreateEmptyFinanceYearReportWithCorrectTitle" time="0.001" classname="service.statistic.StatisticMockitoTest"/>
  <testcase name="shouldCreateEmptyFinanceMonthReportWithCorrectTitle" time="0.002" classname="service.statistic.StatisticMockitoTest"/>
  <testcase name="shouldCreateEmptyFinanceYearReportWithCorrectTitle" time="0.002" classname="service.statistic.StatisticMockitoTest"/>
  <testcase name="shouldCreateEmptyServiceTypesReport" time="0.003" classname="service.statistic.StatisticMockitoTest"/>
  <testcase name="shouldCreateEmptyFinanceYearReportWithCorrectTitle" time="0.002" classname="service.statistic.StatisticMockitoTest"/>
  <testcase name="shouldCreateEmptyRoomsInTypeReport" time="0.003" classname="service.statistic.StatisticMockitoTest"/>
  <testcase name="shouldCreateEmptyServiceReport" time="0.004" classname="service.statistic.StatisticMockitoTest"/>
  <testcase name="shouldCreateFinanceMonthReportWithCorrectTitle" time="0.054" classname="service.statistic.StatisticMockitoTest"/>
</testsuite> <!-- service.statistic.StatisticMockitoTest -->
