<?xml version="1.0" encoding="UTF-8"?>
<!-- Generated by org.testng.reporters.JUnitReportReporter -->
<testsuite hostname="piotro87" name="service.cantor.CantorMokitoTest" tests="8" failures="0" timestamp="9 Dec 2012 11:56:07 GMT" time="0.634" errors="0">
  <testcase name="shouldCreateEmptyCustomerTable" time="0.000" classname="service.cantor.CantorMokitoTest"/>
  <testcase name="shouldCalculateMoneyExchangeForGivenCurrency" time="0.602" classname="service.cantor.CantorMokitoTest"/>
  <testcase name="shouldCalculateMoneyExchangeForGivenCurrency" time="0.002" classname="service.cantor.CantorMokitoTest"/>
  <testcase name="shouldCalculateMoneyExchangeForGivenCurrency" time="0.002" classname="service.cantor.CantorMokitoTest"/>
  <testcase name="shouldCreateCurrencyTableWithOneRow" time="0.015" classname="service.cantor.CantorMokitoTest"/>
  <testcase name="shouldCreateEmptyCurrencyTable" time="0.001" classname="service.cantor.CantorMokitoTest"/>
  <testcase name="shouldCreateCustomerTableWithOneRow" time="0.009" classname="service.cantor.CantorMokitoTest"/>
  <testcase name="shouldCalculateMoneyExchangeForGivenCurrency" time="0.003" classname="service.cantor.CantorMokitoTest"/>
</testsuite> <!-- service.cantor.CantorMokitoTest -->
