<?xml version="1.0" encoding="UTF-8" ?>
<testsuite failures="0" time="1.622" errors="0" skipped="0" tests="34" name="TestSuite">
  <properties>
    <property name="java.runtime.name" value="Java(TM) SE Runtime Environment"/>
    <property name="sun.boot.library.path" value="/usr/java/jdk1.7/jre/lib/amd64"/>
    <property name="java.vm.version" value="23.5-b02"/>
    <property name="java.vm.vendor" value="Oracle Corporation"/>
    <property name="java.vendor.url" value="http://java.oracle.com/"/>
    <property name="path.separator" value=":"/>
    <property name="guice.disable.misplaced.annotation.check" value="true"/>
    <property name="java.vm.name" value="Java HotSpot(TM) 64-Bit Server VM"/>
    <property name="file.encoding.pkg" value="sun.io"/>
    <property name="user.country" value="US"/>
    <property name="sun.java.launcher" value="SUN_STANDARD"/>
    <property name="sun.os.patch.level" value="unknown"/>
    <property name="java.vm.specification.name" value="Java Virtual Machine Specification"/>
    <property name="user.dir" value="/home/piotro/IdeaProjects/repo"/>
    <property name="java.runtime.version" value="1.7.0_09-b05"/>
    <property name="java.awt.graphicsenv" value="sun.awt.X11GraphicsEnvironment"/>
    <property name="java.endorsed.dirs" value="/usr/java/jdk1.7/jre/lib/endorsed"/>
    <property name="os.arch" value="amd64"/>
    <property name="java.io.tmpdir" value="/tmp"/>
    <property name="line.separator" value="
"/>
    <property name="java.vm.specification.vendor" value="Oracle Corporation"/>
    <property name="os.name" value="Linux"/>
    <property name="classworlds.conf" value="/usr/maven/bin/m2.conf"/>
    <property name="sun.jnu.encoding" value="UTF-8"/>
    <property name="java.library.path" value="/usr/java/packages/lib/amd64:/usr/lib64:/lib64:/lib:/usr/lib"/>
    <property name="java.specification.name" value="Java Platform API Specification"/>
    <property name="java.class.version" value="51.0"/>
    <property name="sun.management.compiler" value="HotSpot 64-Bit Tiered Compilers"/>
    <property name="os.version" value="3.2.0-34-generic"/>
    <property name="user.home" value="/home/piotro"/>
    <property name="user.timezone" value="Europe/Warsaw"/>
    <property name="java.awt.printerjob" value="sun.print.PSPrinterJob"/>
    <property name="file.encoding" value="UTF-8"/>
    <property name="java.specification.version" value="1.7"/>
    <property name="user.name" value="piotro"/>
    <property name="java.class.path" value="/usr/maven/boot/plexus-classworlds-2.4.jar"/>
    <property name="java.vm.specification.version" value="1.7"/>
    <property name="sun.arch.data.model" value="64"/>
    <property name="java.home" value="/usr/java/jdk1.7/jre"/>
    <property name="sun.java.command" value="org.codehaus.plexus.classworlds.launcher.Launcher clean install"/>
    <property name="java.specification.vendor" value="Oracle Corporation"/>
    <property name="user.language" value="en"/>
    <property name="awt.toolkit" value="sun.awt.X11.XToolkit"/>
    <property name="java.vm.info" value="mixed mode"/>
    <property name="java.version" value="1.7.0_09"/>
    <property name="java.ext.dirs" value="/usr/java/jdk1.7/jre/lib/ext:/usr/java/packages/lib/ext"/>
    <property name="securerandom.source" value="file:/dev/./urandom"/>
    <property name="sun.boot.class.path" value="/usr/java/jdk1.7/jre/lib/resources.jar:/usr/java/jdk1.7/jre/lib/rt.jar:/usr/java/jdk1.7/jre/lib/sunrsasign.jar:/usr/java/jdk1.7/jre/lib/jsse.jar:/usr/java/jdk1.7/jre/lib/jce.jar:/usr/java/jdk1.7/jre/lib/charsets.jar:/usr/java/jdk1.7/jre/lib/jfr.jar:/usr/java/jdk1.7/jre/classes"/>
    <property name="java.vendor" value="Oracle Corporation"/>
    <property name="maven.home" value="/usr/maven"/>
    <property name="file.separator" value="/"/>
    <property name="java.vendor.url.bug" value="http://bugreport.sun.com/bugreport/"/>
    <property name="sun.cpu.endian" value="little"/>
    <property name="sun.io.unicode.encoding" value="UnicodeLittle"/>
    <property name="sun.desktop" value="gnome"/>
    <property name="sun.cpu.isalist" value=""/>
  </properties>
  <testcase time="0.6" classname="service.cantor.CantorMokitoTest" name="shouldCalculateMoneyExchangeForGivenCurrency"/>
  <testcase time="0.002" classname="service.cantor.CantorMokitoTest" name="shouldCalculateMoneyExchangeForGivenCurrency"/>
  <testcase time="0.003" classname="service.cantor.CantorMokitoTest" name="shouldCalculateMoneyExchangeForGivenCurrency"/>
  <testcase time="0.002" classname="service.cantor.CantorMokitoTest" name="shouldCalculateMoneyExchangeForGivenCurrency"/>
  <testcase time="0.015" classname="service.cantor.CantorMokitoTest" name="shouldCreateCurrencyTableWithOneRow"/>
  <testcase time="0.01" classname="service.cantor.CantorMokitoTest" name="shouldCreateCustomerTableWithOneRow"/>
  <testcase time="0" classname="service.cantor.CantorMokitoTest" name="shouldCreateEmptyCurrencyTable"/>
  <testcase time="0" classname="service.cantor.CantorMokitoTest" name="shouldCreateEmptyCustomerTable"/>
  <testcase time="0.029" classname="service.statistic.StatisticMockitoTest" name="shouldCreateEmptyFinanceMonthReportWithCorrectTitle"/>
  <testcase time="0.001" classname="service.statistic.StatisticMockitoTest" name="shouldCreateEmptyFinanceMonthReportWithCorrectTitle"/>
  <testcase time="0.001" classname="service.statistic.StatisticMockitoTest" name="shouldCreateEmptyFinanceMonthReportWithCorrectTitle"/>
  <testcase time="0.002" classname="service.statistic.StatisticMockitoTest" name="shouldCreateEmptyFinanceYearReportWithCorrectTitle"/>
  <testcase time="0.002" classname="service.statistic.StatisticMockitoTest" name="shouldCreateEmptyFinanceYearReportWithCorrectTitle"/>
  <testcase time="0.002" classname="service.statistic.StatisticMockitoTest" name="shouldCreateEmptyFinanceYearReportWithCorrectTitle"/>
  <testcase time="0.002" classname="service.statistic.StatisticMockitoTest" name="shouldCreateEmptyRoomTypesReport"/>
  <testcase time="0.002" classname="service.statistic.StatisticMockitoTest" name="shouldCreateEmptyRoomsInTypeReport"/>
  <testcase time="0.003" classname="service.statistic.StatisticMockitoTest" name="shouldCreateEmptyServiceReport"/>
  <testcase time="0.003" classname="service.statistic.StatisticMockitoTest" name="shouldCreateEmptyServiceTypesReport"/>
  <testcase time="0.055" classname="service.statistic.StatisticMockitoTest" name="shouldCreateFinanceMonthReportWithCorrectTitle"/>
  <testcase time="0.015" classname="service.statistic.StatisticMockitoTest" name="shouldCreateFinanceYearReportWithCorrectTitle"/>
  <testcase time="0.014" classname="service.statistic.StatisticMockitoTest" name="shouldCreateRoomTypesReport"/>
  <testcase time="0.016" classname="service.statistic.StatisticMockitoTest" name="shouldCreateRoomsInTypeReport"/>
  <testcase time="0.012" classname="service.statistic.StatisticMockitoTest" name="shouldCreateServiceReport"/>
  <testcase time="0.015" classname="service.statistic.StatisticMockitoTest" name="shouldCreateServiceTypesReport"/>
  <testcase time="0.014" classname="service.statistic.StatisticTest" name="shouldCreateEmptyFinanceMonthReport"/>
  <testcase time="0.003" classname="service.statistic.StatisticTest" name="shouldCreateEmptyFinanceMonthReport"/>
  <testcase time="0.004" classname="service.statistic.StatisticTest" name="shouldCreateEmptyFinanceMonthReport"/>
  <testcase time="0.003" classname="service.statistic.StatisticTest" name="shouldCreateEmptyFinanceYearReport"/>
  <testcase time="0.004" classname="service.statistic.StatisticTest" name="shouldCreateEmptyFinanceYearReport"/>
  <testcase time="0.005" classname="service.statistic.StatisticTest" name="shouldCreateEmptyFinanceYearReport"/>
  <testcase time="0.005" classname="service.statistic.StatisticTest" name="shouldCreateEmptyHotelReport"/>
  <testcase time="0.005" classname="service.statistic.StatisticTest" name="shouldCreateEmptyHotelReport"/>
  <testcase time="0.005" classname="service.statistic.StatisticTest" name="shouldCreateEmptyHotelReport"/>
  <testcase time="0.006" classname="service.statistic.StatisticTest" name="shouldCreateEmptyHotelReport"/>
</testsuite>